<?xml version="1.0" encoding="UTF-8"?>
<!-- Generated by org.testng.reporters.JUnitReportReporter -->
<testsuite hostname="DESKTOP-5PH14MU" failures="0" tests="1" name="com.example.SeleniumTest" time="3.841" errors="0" timestamp="2025-05-31T21:49:10 ICT" skipped="0">
  <testcase classname="com.example.SeleniumTest" name="testGoogleSearch" time="3.841"/>
</testsuite> <!-- com.example.SeleniumTest -->
