<?xml version="1.0" encoding="UTF-8"?>
<!-- Generated by org.testng.reporters.JUnitReportReporter -->
<testsuite hostname="DESKTOP-5PH14MU" failures="0" tests="2" name="com.example.tests.LoginTest" time="27.908" errors="0" timestamp="2025-05-31T22:06:36 ICT" skipped="0">
  <testcase classname="com.example.tests.LoginTest" name="testLoginSuccess" time="20.221"/>
  <testcase classname="com.example.tests.LoginTest" name="testLoginFailure" time="7.687"/>
</testsuite> <!-- com.example.tests.LoginTest -->
